[debug] [2025-10-06T08:20:36.153Z] ----------------------------------------------------------------------
[debug] [2025-10-06T08:20:36.155Z] Command:       C:\Program Files\nodejs\node.exe C:\Users\LENOVO\AppData\Roaming\npm\node_modules\firebase-tools\lib\bin\firebase.js init
[debug] [2025-10-06T08:20:36.155Z] CLI Version:   14.18.0
[debug] [2025-10-06T08:20:36.155Z] Platform:      win32
[debug] [2025-10-06T08:20:36.156Z] Node Version:  v22.19.0
[debug] [2025-10-06T08:20:36.156Z] Time:          Mon Oct 06 2025 13:50:36 GMT+0530 (India Standard Time)
[debug] [2025-10-06T08:20:36.156Z] ----------------------------------------------------------------------
[debug] 
[debug] [2025-10-06T08:20:36.160Z] > command requires scopes: ["email","openid","https://www.googleapis.com/auth/cloudplatformprojects.readonly","https://www.googleapis.com/auth/firebase","https://www.googleapis.com/auth/cloud-platform"]
[debug] [2025-10-06T08:20:36.160Z] > authorizing via signed-in user (2001vivekku123@gmail.com)
[info] 
     ######## #### ########  ######## ########     ###     ######  ########
     ##        ##  ##     ## ##       ##     ##  ##   ##  ##       ##
     ######    ##  ########  ######   ########  #########  ######  ######
     ##        ##  ##    ##  ##       ##     ## ##     ##       ## ##
     ##       #### ##     ## ######## ########  ##     ##  ######  ########

You're about to initialize a Firebase project in this directory:

  C:\Users\LENOVO\Desktop\Food\food

[info] 
=== Project Setup
[info] 
[info] First, let's associate this project directory with a Firebase project.
[info] You can create multiple project aliases by running firebase use --add, 
[info] but for now we'll just set up a default project.
[info] 
[debug] [2025-10-06T08:20:52.643Z] Using project from CLI flag: food-f7d04
[debug] [2025-10-06T08:20:52.644Z] Checked if tokens are valid: true, expires at: 1759740133263
[debug] [2025-10-06T08:20:52.645Z] Checked if tokens are valid: true, expires at: 1759740133263
[debug] [2025-10-06T08:20:52.646Z] >>> [apiv2][query] GET https://firebase.googleapis.com/v1beta1/projects/food-f7d04 [none]
[debug] [2025-10-06T08:20:53.258Z] <<< [apiv2][status] GET https://firebase.googleapis.com/v1beta1/projects/food-f7d04 200
[debug] [2025-10-06T08:20:53.258Z] <<< [apiv2][body] GET https://firebase.googleapis.com/v1beta1/projects/food-f7d04 {"projectId":"food-f7d04","projectNumber":"153622995273","displayName":"food","name":"projects/food-f7d04","resources":{"hostingSite":"food-f7d04"},"state":"ACTIVE","etag":"1_9979f6a4-563c-409a-801d-7043e0af21b6"}
[info] i  Using project food-f7d04 (food) 
[info] 
=== Hosting Setup
[debug] [2025-10-06T08:20:53.434Z] Checked if tokens are valid: true, expires at: 1759740133263
[debug] [2025-10-06T08:20:53.434Z] Checked if tokens are valid: true, expires at: 1759740133263
[debug] [2025-10-06T08:20:53.435Z] >>> [apiv2][query] GET https://firebase.googleapis.com/v1beta1/projects/food-f7d04 [none]
[debug] [2025-10-06T08:20:53.881Z] <<< [apiv2][status] GET https://firebase.googleapis.com/v1beta1/projects/food-f7d04 200
[debug] [2025-10-06T08:20:53.881Z] <<< [apiv2][body] GET https://firebase.googleapis.com/v1beta1/projects/food-f7d04 {"projectId":"food-f7d04","projectNumber":"153622995273","displayName":"food","name":"projects/food-f7d04","resources":{"hostingSite":"food-f7d04"},"state":"ACTIVE","etag":"1_9979f6a4-563c-409a-801d-7043e0af21b6"}
[info] 
[info] Your public directory is the folder (relative to your project directory) that
[info] will contain Hosting assets to be uploaded with firebase deploy. If you
[info] have a build process for your assets, use your build's output directory.
[info] 
[debug] [2025-10-06T08:21:27.118Z] >>> [apiv2][query] GET https://www.gstatic.com/firebasejs/releases.json [none]
[debug] [2025-10-06T08:21:27.301Z] <<< [apiv2][status] GET https://www.gstatic.com/firebasejs/releases.json 200
[debug] [2025-10-06T08:21:27.301Z] <<< [apiv2][body] GET https://www.gstatic.com/firebasejs/releases.json {"current":{"version":"12.3.0","browserURL":"https://www.gstatic.com/firebasejs/12.3.0/firebase.js","packageURL":"https://www.gstatic.com/firebasejs/12.3.0/firebase.tgz"},"live":{"version":"12.3","browserURL":"https://www.gstatic.com/firebasejs/live/12.3/firebase.js","packageURL":"https://www.gstatic.com/firebasejs/live/12.3/firebase.tgz"},"components":{"ai":"https://www.gstatic.com/firebasejs/12.3.0/firebase-ai.js","analytics":"https://www.gstatic.com/firebasejs/12.3.0/firebase-analytics.js","app":"https://www.gstatic.com/firebasejs/12.3.0/firebase-app.js","app-check":"https://www.gstatic.com/firebasejs/12.3.0/firebase-app-check.js","auth":"https://www.gstatic.com/firebasejs/12.3.0/firebase-auth.js","auth/cordova":"https://www.gstatic.com/firebasejs/12.3.0/firebase-auth/cordova.js","auth/web-extension":"https://www.gstatic.com/firebasejs/12.3.0/firebase-auth/web-extension.js","functions":"https://www.gstatic.com/firebasejs/12.3.0/firebase-functions.js","firestore":"https://www.gstatic.com/firebasejs/12.3.0/firebase-firestore.js","firestore/lite":"https://www.gstatic.com/firebasejs/12.3.0/firebase-firestore/lite.js","installations":"https://www.gstatic.com/firebasejs/12.3.0/firebase-installations.js","storage":"https://www.gstatic.com/firebasejs/12.3.0/firebase-storage.js","performance":"https://www.gstatic.com/firebasejs/12.3.0/firebase-performance.js","remote-config":"https://www.gstatic.com/firebasejs/12.3.0/firebase-remote-config.js","messaging":"https://www.gstatic.com/firebasejs/12.3.0/firebase-messaging.js","messaging/sw":"https://www.gstatic.com/firebasejs/12.3.0/firebase-messaging/sw.js","database":"https://www.gstatic.com/firebasejs/12.3.0/firebase-database.js","data-connect":"https://www.gstatic.com/firebasejs/12.3.0/firebase-data-connect.js","firestore.memory":"https://www.gstatic.com/firebasejs/12.3.0/firebase-firestore.memory.js"}}
[info] +  Wrote y/index.html 
[info] 
[info] i  Detected a .git folder at C:\Users\LENOVO 
[info] i  Authorizing with GitHub to upload your service account to a GitHub repository's secrets store. 
[info] 
[info] Visit this URL on this device to log in:
[info] https://github.com/login/oauth/authorize?client_id=89cf50f02ac6aaed3484&state=52099904&redirect_uri=http%3A%2F%2Flocalhost%3A9005&scope=read%3Auser%20repo%20public_repo
[info] 
[info] Waiting for authentication...
[debug] [2025-10-06T08:22:08.283Z] >>> [apiv2][query] POST https://github.com/login/oauth/access_token [none]
[debug] [2025-10-06T08:22:08.283Z] >>> [apiv2][body] POST https://github.com/login/oauth/access_token [stream]
[debug] [2025-10-06T08:22:08.790Z] <<< [apiv2][status] POST https://github.com/login/oauth/access_token 200
[debug] [2025-10-06T08:22:08.791Z] <<< [apiv2][body] POST https://github.com/login/oauth/access_token {"access_token":"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","token_type":"bearer","scope":"read:user,repo"}
[debug] [2025-10-06T08:22:08.802Z] >>> [apiv2][query] GET https://api.github.com/user [none]
[debug] [2025-10-06T08:22:09.313Z] <<< [apiv2][status] GET https://api.github.com/user 200
[debug] [2025-10-06T08:22:09.313Z] <<< [apiv2][body] GET https://api.github.com/user {"login":"vivek-kushwaha267","id":222372216,"node_id":"U_kgDODUEheA","avatar_url":"https://avatars.githubusercontent.com/u/222372216?v=4","gravatar_id":"","url":"https://api.github.com/users/vivek-kushwaha267","html_url":"https://github.com/vivek-kushwaha267","followers_url":"https://api.github.com/users/vivek-kushwaha267/followers","following_url":"https://api.github.com/users/vivek-kushwaha267/following{/other_user}","gists_url":"https://api.github.com/users/vivek-kushwaha267/gists{/gist_id}","starred_url":"https://api.github.com/users/vivek-kushwaha267/starred{/owner}{/repo}","subscriptions_url":"https://api.github.com/users/vivek-kushwaha267/subscriptions","organizations_url":"https://api.github.com/users/vivek-kushwaha267/orgs","repos_url":"https://api.github.com/users/vivek-kushwaha267/repos","events_url":"https://api.github.com/users/vivek-kushwaha267/events{/privacy}","received_events_url":"https://api.github.com/users/vivek-kushwaha267/received_events","type":"User","user_view_type":"private","site_admin":false,"name":null,"company":null,"blog":"","location":null,"email":null,"hireable":null,"bio":null,"twitter_username":null,"notification_email":null,"public_repos":3,"public_gists":0,"followers":0,"following":0,"created_at":"2025-07-23T06:44:06Z","updated_at":"2025-09-15T07:57:20Z","private_gists":0,"total_private_repos":1,"owned_private_repos":1,"disk_usage":1429,"collaborators":0,"two_factor_authentication":false,"plan":{"name":"free","space":976562499,"collaborators":0,"private_repos":10000}}
[info] 
[info] +  Success! Logged into GitHub as vivek-kushwaha267 
[info] 
[debug] [2025-10-06T08:22:17.452Z] >>> [apiv2][query] GET https://api.github.com/repos//actions/secrets/public-key type=owner
[debug] [2025-10-06T08:22:17.849Z] <<< [apiv2][status] GET https://api.github.com/repos//actions/secrets/public-key 404
[debug] [2025-10-06T08:22:17.849Z] <<< [apiv2][body] GET https://api.github.com/repos//actions/secrets/public-key {"message":"Not Found","documentation_url":"https://docs.github.com/rest","status":"404"}
[info] 
[info] 
[error] !  The provided authorization cannot be used with this repository. If this repository is in an organization, did you remember to grant access? 
[info] 
[info] i  Action required: Visit this URL to ensure access has been granted to the appropriate organization(s) for the Firebase CLI GitHub OAuth App: 
[info] https://github.com/settings/connections/applications/89cf50f02ac6aaed3484
[info] 
